# JRE version: OpenJDK Runtime Environment (17.0.6) (build 17.0.6+0-b2043.56-9586694)
# Java VM: OpenJDK 64-Bit Server VM (17.0.6+0-b2043.56-9586694, mixed mode, tiered, compressed oops, compressed class ptrs, g1 gc, windows-amd64)
GC Precious Log:
 CPUs: 4 total, 4 available
 Memory: 8094M
 Large Page Support: Disabled
 NUMA Support: Disabled
 Compressed Oops: Enabled (32-bit)
 Heap Region Size: 1M
 Heap Min Capacity: 8M
 Heap Initial Capacity: 128M
 Heap Max Capacity: 2G
 Pre-touch: Disabled
 Parallel Workers: 4
 Concurrent Workers: 1
 Concurrent Refinement Workers: 4
 Periodic GC: Disabled
Heap:
 garbage-first heap   total 337920K, used 169141K [0x0000000080000000, 0x0000000100000000)
  region size 1024K, 15 young (15360K), 15 survivors (15360K)
 Metaspace       used 116214K, committed 116992K, reserved 1155072K
  class space    used 15937K, committed 16320K, reserved 1048576K
GC Heap History (20 events):
Event: 35.202 GC heap after
{Heap after GC invocations=45 (full 0):
 garbage-first heap   total 168960K, used 91829K [0x0000000080000000, 0x0000000100000000)
  region size 1024K, 1 young (1024K), 1 survivors (1024K)
 Metaspace       used 92412K, committed 93056K, reserved 1130496K
  class space    used 12582K, committed 12864K, reserved 1048576K
}
Event: 37.080 GC heap before
{Heap before GC invocations=45 (full 0):
 garbage-first heap   total 168960K, used 136885K [0x0000000080000000, 0x0000000100000000)
  region size 1024K, 46 young (47104K), 1 survivors (1024K)
 Metaspace       used 96800K, committed 97408K, reserved 1138688K
  class space    used 13171K, committed 13440K, reserved 1048576K
}
Event: 37.098 GC heap after
{Heap after GC invocations=46 (full 0):
 garbage-first heap   total 337920K, used 94664K [0x0000000080000000, 0x0000000100000000)
  region size 1024K, 4 young (4096K), 4 survivors (4096K)
 Metaspace       used 96800K, committed 97408K, reserved 1138688K
  class space    used 13171K, committed 13440K, reserved 1048576K
}
Event: 42.410 GC heap before
{Heap before GC invocations=47 (full 0):
 garbage-first heap   total 324608K, used 263624K [0x0000000080000000, 0x0000000100000000)
  region size 1024K, 168 young (172032K), 4 survivors (4096K)
 Metaspace       used 110261K, committed 110976K, reserved 1146880K
  class space    used 15205K, committed 15552K, reserved 1048576K
}
Event: 42.457 GC heap after
{Heap after GC invocations=48 (full 0):
 garbage-first heap   total 324608K, used 118433K [0x0000000080000000, 0x0000000100000000)
  region size 1024K, 21 young (21504K), 21 survivors (21504K)
 Metaspace       used 110261K, committed 110976K, reserved 1146880K
  class space    used 15205K, committed 15552K, reserved 1048576K
}
Event: 42.494 GC heap before
{Heap before GC invocations=48 (full 0):
 garbage-first heap   total 324608K, used 119457K [0x0000000080000000, 0x0000000100000000)
  region size 1024K, 22 young (22528K), 21 survivors (21504K)
 Metaspace       used 110277K, committed 110976K, reserved 1146880K
  class space    used 15208K, committed 15552K, reserved 1048576K
}
Event: 42.526 GC heap after
{Heap after GC invocations=49 (full 0):
 garbage-first heap   total 324608K, used 117632K [0x0000000080000000, 0x0000000100000000)
  region size 1024K, 2 young (2048K), 2 survivors (2048K)
 Metaspace       used 110277K, committed 110976K, reserved 1146880K
  class space    used 15208K, committed 15552K, reserved 1048576K
}
Event: 43.938 GC heap before
{Heap before GC invocations=49 (full 0):
 garbage-first heap   total 324608K, used 235392K [0x0000000080000000, 0x0000000100000000)
  region size 1024K, 118 young (120832K), 2 survivors (2048K)
 Metaspace       used 113828K, committed 114560K, reserved 1155072K
  class space    used 15690K, committed 16000K, reserved 1048576K
}
Event: 43.969 GC heap after
{Heap after GC invocations=50 (full 0):
 garbage-first heap   total 324608K, used 130334K [0x0000000080000000, 0x0000000100000000)
  region size 1024K, 15 young (15360K), 15 survivors (15360K)
 Metaspace       used 113828K, committed 114560K, reserved 1155072K
  class space    used 15690K, committed 16000K, reserved 1048576K
}
Event: 45.898 GC heap before
{Heap before GC invocations=50 (full 0):
 garbage-first heap   total 324608K, used 242974K [0x0000000080000000, 0x0000000100000000)
  region size 1024K, 126 young (129024K), 15 survivors (15360K)
 Metaspace       used 115475K, committed 116224K, reserved 1155072K
  class space    used 15888K, committed 16192K, reserved 1048576K
}
Event: 45.923 GC heap after
{Heap after GC invocations=51 (full 0):
 garbage-first heap   total 324608K, used 135723K [0x0000000080000000, 0x0000000100000000)
  region size 1024K, 7 young (7168K), 7 survivors (7168K)
 Metaspace       used 115475K, committed 116224K, reserved 1155072K
  class space    used 15888K, committed 16192K, reserved 1048576K
}
Event: 47.011 GC heap before
{Heap before GC invocations=51 (full 0):
 garbage-first heap   total 324608K, used 251435K [0x0000000080000000, 0x0000000100000000)
  region size 1024K, 121 young (123904K), 7 survivors (7168K)
 Metaspace       used 115706K, committed 116416K, reserved 1155072K
  class space    used 15895K, committed 16192K, reserved 1048576K
}
Event: 47.028 GC heap after
{Heap after GC invocations=52 (full 0):
 garbage-first heap   total 324608K, used 141355K [0x0000000080000000, 0x0000000100000000)
  region size 1024K, 12 young (12288K), 12 survivors (12288K)
 Metaspace       used 115706K, committed 116416K, reserved 1155072K
  class space    used 15895K, committed 16192K, reserved 1048576K
}
Event: 47.779 GC heap before
{Heap before GC invocations=52 (full 0):
 garbage-first heap   total 324608K, used 258091K [0x0000000080000000, 0x0000000100000000)
  region size 1024K, 127 young (130048K), 12 survivors (12288K)
 Metaspace       used 115774K, committed 116480K, reserved 1155072K
  class space    used 15895K, committed 16192K, reserved 1048576K
}
Event: 47.802 GC heap after
{Heap after GC invocations=53 (full 0):
 garbage-first heap   total 324608K, used 149579K [0x0000000080000000, 0x0000000100000000)
  region size 1024K, 15 young (15360K), 15 survivors (15360K)
 Metaspace       used 115774K, committed 116480K, reserved 1155072K
  class space    used 15895K, committed 16192K, reserved 1048576K
}
Event: 48.402 GC heap before
{Heap before GC invocations=53 (full 0):
 garbage-first heap   total 324608K, used 259147K [0x0000000080000000, 0x0000000100000000)
  region size 1024K, 123 young (125952K), 15 survivors (15360K)
 Metaspace       used 115967K, committed 116736K, reserved 1155072K
  class space    used 15916K, committed 16256K, reserved 1048576K
}
Event: 48.426 GC heap after
{Heap after GC invocations=54 (full 0):
 garbage-first heap   total 324608K, used 155317K [0x0000000080000000, 0x0000000100000000)
  region size 1024K, 7 young (7168K), 7 survivors (7168K)
 Metaspace       used 115967K, committed 116736K, reserved 1155072K
  class space    used 15916K, committed 16256K, reserved 1048576K
}
Event: 48.804 GC heap before
{Heap before GC invocations=54 (full 0):
 garbage-first heap   total 324608K, used 262837K [0x0000000080000000, 0x0000000100000000)
  region size 1024K, 113 young (115712K), 7 survivors (7168K)
 Metaspace       used 116153K, committed 116928K, reserved 1155072K
  class space    used 15934K, committed 16320K, reserved 1048576K
}
Event: 48.829 GC heap after
{Heap after GC invocations=55 (full 0):
 garbage-first heap   total 324608K, used 161866K [0x0000000080000000, 0x0000000100000000)
  region size 1024K, 14 young (14336K), 14 survivors (14336K)
 Metaspace       used 116153K, committed 116928K, reserved 1155072K
  class space    used 15934K, committed 16320K, reserved 1048576K
}
Event: 49.152 GC heap before
{Heap before GC invocations=55 (full 0):
 garbage-first heap   total 324608K, used 265290K [0x0000000080000000, 0x0000000100000000)
  region size 1024K, 116 young (118784K), 14 survivors (14336K)
 Metaspace       used 116214K, committed 116992K, reserved 1155072K
  class space    used 15937K, committed 16320K, reserved 1048576K
}

